mktextfm Delicious-Roman
mktextfm Delicious-Roman
mktextfm Delicious-Roman
mktextfm Delicious-SmallCaps
mktextfm Delicious-Bold
mktextfm Delicious-SmallCaps
mktextfm Delicious-Italic
mktextfm Delicious-SmallCaps
mktextfm Delicious-Bold
mktextfm Delicious-Bold/I
mktextfm Monaco
mktextfm Monaco
mktextfm Monaco
mktextfm Monaco
mktextfm Monaco/B
mktextfm Monaco
mktextfm Monaco/I
mktextfm Monaco
mktextfm Monaco/BI
mktextfm Delicious-Roman
mktextfm Delicious-Roman
mktextfm Delicious-Roman
mktextfm Delicious-SmallCaps
mktextfm Delicious-Bold
mktextfm Delicious-SmallCaps
mktextfm Delicious-Italic
mktextfm Delicious-SmallCaps
mktextfm Delicious-Bold
mktextfm Delicious-Bold/I
mktextfm Monaco
mktextfm Monaco
mktextfm Monaco
mktextfm Monaco
mktextfm Monaco/B
mktextfm Monaco
mktextfm Monaco/I
mktextfm Monaco
mktextfm Monaco/BI
